<?xml version="1.0" encoding="UTF-8"?>
<testsuite name="com.maquina_snacks.modelo.MaquinaSnacksTest" tests="1" skipped="0" failures="0" errors="0" timestamp="2022-10-04T22:43:28" hostname="LAPTOP-L36FF7TT" time="0.017">
  <properties/>
  <testcase name="agregarProductosEnDiferenteSeccion()" classname="com.maquina_snacks.modelo.MaquinaSnacksTest" time="0.017"/>
  <system-out><![CDATA[]]></system-out>
  <system-err><![CDATA[]]></system-err>
</testsuite>
